TXT\GENERAL\DIRS.TXT
TXT\GENERAL\FILES.TXT
TXT\NETWARE\NETWARE.TXT
TXT\NETWARE\NWODIDOS.TXT
TXT\NETWARE\NWODIOS2.TXT
TXT\NETWARE\NW311.TXT
TXT\NETWARE\NW312.TXT
TXT\NETWARE\NW41.TXT
TXT\NETWARE\NW411.TXT
TXT\NETWARE\CLIENT32.TXT
TXT\IBM\IBM.TXT
TXT\IBM\LANSVR23.TXT
TXT\IBM\LANSVR40.TXT
TXT\MS\MS.TXT
TXT\MS\MSCLIENT.TXT
TXT\MS\MSLANMAN.TXT
TXT\MS\MSWFW310.TXT
TXT\MS\MSWFW311.TXT
TXT\MS\MSNT31.TXT
TXT\MS\MSNT.TXT
TXT\MS\MSWIN95.TXT
TXT\UNIX\UNIX.TXT
TXT\UNIX\SCO4.TXT
TXT\UNIX\SCO5.TXT
TXT\UNIX\LINUX.TXT
TXT\OTHERS\OTHER.TXT
TXT\OTHERS\PACKET.TXT
TXT\OTHERS\LANTAS40.TXT
TXT\OTHERS\LANTAS50.TXT
TXT\OTHERS\LANTAS60.TXT
